# This memory data dump generated by memfetch by <lcamtuf@coredump.cx>
# PID 2356, declared executable: /usr/bin/python3.9
# Date: Tue Apr  4 20:04:51 2023


[000] map-000.bin:
     Memory range 0x00400000 to 0x008c5000 (5001216 bytes)
     MAPPED FROM: /usr/bin/python3.9
     00400000-008c5000 r-xp 00000000 b3:02 425145                            

[001] map-001.bin:
     Memory range 0x008d4000 to 0x008d5000 (4096 bytes)
     MAPPED FROM: /usr/bin/python3.9
     008d4000-008d5000 r--p 004c4000 b3:02 425145                            

[002] map-002.bin:
     Memory range 0x008d5000 to 0x00919000 (278528 bytes)
     MAPPED FROM: /usr/bin/python3.9
     008d5000-00919000 rw-p 004c5000 b3:02 425145                            

[003] mem-003.bin:
     Memory range 0x00919000 to 0x0093d000 (147456 bytes)
     00919000-0093d000 rw-p 00000000 00:00 0 

[004] mem-004.bin:
     Memory range 0x3148e000 to 0x3151a000 (573440 bytes)
     3148e000-3151a000 rw-p 00000000 00:00 0                                  [heap]

[005] map-005.bin:
     Memory range 0xa0c59000 to 0xa0c64000 (45056 bytes)
     MAPPED FROM: /usr/local/lib/python3.9/dist-packages/RPi/_GPIO.cpython-39-aarch64-linux-gnu.so
     7fa0c59000-7fa0c64000 r-xp 00000000 b3:02 520564                        

[006] map-006.bin:
     Memory range 0xa0c64000 to 0xa0c74000 (65536 bytes)
     MAPPED FROM: /usr/local/lib/python3.9/dist-packages/RPi/_GPIO.cpython-39-aarch64-linux-gnu.so
     7fa0c64000-7fa0c74000 ---p 0000b000 b3:02 520564                        

[007] map-007.bin:
     Memory range 0xa0c74000 to 0xa0c75000 (4096 bytes)
     MAPPED FROM: /usr/local/lib/python3.9/dist-packages/RPi/_GPIO.cpython-39-aarch64-linux-gnu.so
     7fa0c74000-7fa0c75000 r--p 0000b000 b3:02 520564                        

[008] map-008.bin:
     Memory range 0xa0c75000 to 0xa0c76000 (4096 bytes)
     MAPPED FROM: /usr/local/lib/python3.9/dist-packages/RPi/_GPIO.cpython-39-aarch64-linux-gnu.so
     7fa0c75000-7fa0c76000 rw-p 0000c000 b3:02 520564                        

[009] mem-009.bin:
     Memory range 0xa0c76000 to 0xa0e1b000 (1724416 bytes)
     7fa0c76000-7fa0e1b000 rw-p 00000000 00:00 0 

[010] map-010.bin:
     Memory range 0xa0e1b000 to 0xa0e22000 (28672 bytes)
     MAPPED FROM: /usr/lib/aarch64-linux-gnu/gconv/gconv-modules.cache
     7fa0e1b000-7fa0e22000 r--s 00000000 b3:02 406845                        

[011] map-011.bin:
     Memory range 0xa0e22000 to 0xa0e77000 (348160 bytes)
     MAPPED FROM: /usr/lib/locale/C.UTF-8/LC_CTYPE
     7fa0e22000-7fa0e77000 r--p 00000000 b3:02 407679                        

[012] map-012.bin:
     Memory range 0xa0e77000 to 0xa0fd4000 (1429504 bytes)
     MAPPED FROM: /lib/aarch64-linux-gnu/libc-2.31.so
     7fa0e77000-7fa0fd4000 r-xp 00000000 b3:02 406117                        

[013] map-013.bin:
     Memory range 0xa0fd4000 to 0xa0fe3000 (61440 bytes)
     MAPPED FROM: /lib/aarch64-linux-gnu/libc-2.31.so
     7fa0fd4000-7fa0fe3000 ---p 0015d000 b3:02 406117                        

[014] map-014.bin:
     Memory range 0xa0fe3000 to 0xa0fe7000 (16384 bytes)
     MAPPED FROM: /lib/aarch64-linux-gnu/libc-2.31.so
     7fa0fe3000-7fa0fe7000 r--p 0015c000 b3:02 406117                        

[015] map-015.bin:
     Memory range 0xa0fe7000 to 0xa0fe9000 (8192 bytes)
     MAPPED FROM: /lib/aarch64-linux-gnu/libc-2.31.so
     7fa0fe7000-7fa0fe9000 rw-p 00160000 b3:02 406117                        

[016] mem-016.bin:
     Memory range 0xa0fe9000 to 0xa0fec000 (12288 bytes)
     7fa0fe9000-7fa0fec000 rw-p 00000000 00:00 0 

[017] map-017.bin:
     Memory range 0xa0fec000 to 0xa1005000 (102400 bytes)
     MAPPED FROM: /lib/aarch64-linux-gnu/libz.so.1.2.11
     7fa0fec000-7fa1005000 r-xp 00000000 b3:02 406179                        

[018] map-018.bin:
     Memory range 0xa1005000 to 0xa1014000 (61440 bytes)
     MAPPED FROM: /lib/aarch64-linux-gnu/libz.so.1.2.11
     7fa1005000-7fa1014000 ---p 00019000 b3:02 406179                        

[019] map-019.bin:
     Memory range 0xa1014000 to 0xa1015000 (4096 bytes)
     MAPPED FROM: /lib/aarch64-linux-gnu/libz.so.1.2.11
     7fa1014000-7fa1015000 r--p 00018000 b3:02 406179                        

[020] map-020.bin:
     Memory range 0xa1015000 to 0xa1016000 (4096 bytes)
     MAPPED FROM: /lib/aarch64-linux-gnu/libz.so.1.2.11
     7fa1015000-7fa1016000 rw-p 00019000 b3:02 406179                        

[021] map-021.bin:
     Memory range 0xa1016000 to 0xa103b000 (151552 bytes)
     MAPPED FROM: /lib/aarch64-linux-gnu/libexpat.so.1.6.12
     7fa1016000-7fa103b000 r-xp 00000000 b3:02 425123                        

[022] map-022.bin:
     Memory range 0xa103b000 to 0xa104b000 (65536 bytes)
     MAPPED FROM: /lib/aarch64-linux-gnu/libexpat.so.1.6.12
     7fa103b000-7fa104b000 ---p 00025000 b3:02 425123                        

[023] map-023.bin:
     Memory range 0xa104b000 to 0xa104d000 (8192 bytes)
     MAPPED FROM: /lib/aarch64-linux-gnu/libexpat.so.1.6.12
     7fa104b000-7fa104d000 r--p 00025000 b3:02 425123                        

[024] map-024.bin:
     Memory range 0xa104d000 to 0xa104e000 (4096 bytes)
     MAPPED FROM: /lib/aarch64-linux-gnu/libexpat.so.1.6.12
     7fa104d000-7fa104e000 rw-p 00027000 b3:02 425123                        

[025] map-025.bin:
     Memory range 0xa104e000 to 0xa10e7000 (626688 bytes)
     MAPPED FROM: /lib/aarch64-linux-gnu/libm-2.31.so
     7fa104e000-7fa10e7000 r-xp 00000000 b3:02 406138                        

[026] map-026.bin:
     Memory range 0xa10e7000 to 0xa10f7000 (65536 bytes)
     MAPPED FROM: /lib/aarch64-linux-gnu/libm-2.31.so
     7fa10e7000-7fa10f7000 ---p 00099000 b3:02 406138                        

[027] map-027.bin:
     Memory range 0xa10f7000 to 0xa10f8000 (4096 bytes)
     MAPPED FROM: /lib/aarch64-linux-gnu/libm-2.31.so
     7fa10f7000-7fa10f8000 r--p 00099000 b3:02 406138                        

[028] map-028.bin:
     Memory range 0xa10f8000 to 0xa10f9000 (4096 bytes)
     MAPPED FROM: /lib/aarch64-linux-gnu/libm-2.31.so
     7fa10f8000-7fa10f9000 rw-p 0009a000 b3:02 406138                        

[029] map-029.bin:
     Memory range 0xa10f9000 to 0xa10fb000 (8192 bytes)
     MAPPED FROM: /lib/aarch64-linux-gnu/libutil-2.31.so
     7fa10f9000-7fa10fb000 r-xp 00000000 b3:02 406176                        

[030] map-030.bin:
     Memory range 0xa10fb000 to 0xa110b000 (65536 bytes)
     MAPPED FROM: /lib/aarch64-linux-gnu/libutil-2.31.so
     7fa10fb000-7fa110b000 ---p 00002000 b3:02 406176                        

[031] map-031.bin:
     Memory range 0xa110b000 to 0xa110c000 (4096 bytes)
     MAPPED FROM: /lib/aarch64-linux-gnu/libutil-2.31.so
     7fa110b000-7fa110c000 r--p 00002000 b3:02 406176                        

[032] map-032.bin:
     Memory range 0xa110c000 to 0xa110d000 (4096 bytes)
     MAPPED FROM: /lib/aarch64-linux-gnu/libutil-2.31.so
     7fa110c000-7fa110d000 rw-p 00003000 b3:02 406176                        

[033] map-033.bin:
     Memory range 0xa110d000 to 0xa1110000 (12288 bytes)
     MAPPED FROM: /lib/aarch64-linux-gnu/libdl-2.31.so
     7fa110d000-7fa1110000 r-xp 00000000 b3:02 406125                        

[034] map-034.bin:
     Memory range 0xa1110000 to 0xa111f000 (61440 bytes)
     MAPPED FROM: /lib/aarch64-linux-gnu/libdl-2.31.so
     7fa1110000-7fa111f000 ---p 00003000 b3:02 406125                        

[035] map-035.bin:
     Memory range 0xa111f000 to 0xa1120000 (4096 bytes)
     MAPPED FROM: /lib/aarch64-linux-gnu/libdl-2.31.so
     7fa111f000-7fa1120000 r--p 00002000 b3:02 406125                        

[036] map-036.bin:
     Memory range 0xa1120000 to 0xa1121000 (4096 bytes)
     MAPPED FROM: /lib/aarch64-linux-gnu/libdl-2.31.so
     7fa1120000-7fa1121000 rw-p 00003000 b3:02 406125                        

[037] map-037.bin:
     Memory range 0xa1121000 to 0xa113d000 (114688 bytes)
     MAPPED FROM: /lib/aarch64-linux-gnu/libpthread-2.31.so
     7fa1121000-7fa113d000 r-xp 00000000 b3:02 406160                        

[038] map-038.bin:
     Memory range 0xa113d000 to 0xa114c000 (61440 bytes)
     MAPPED FROM: /lib/aarch64-linux-gnu/libpthread-2.31.so
     7fa113d000-7fa114c000 ---p 0001c000 b3:02 406160                        

[039] map-039.bin:
     Memory range 0xa114c000 to 0xa114d000 (4096 bytes)
     MAPPED FROM: /lib/aarch64-linux-gnu/libpthread-2.31.so
     7fa114c000-7fa114d000 r--p 0001b000 b3:02 406160                        

[040] map-040.bin:
     Memory range 0xa114d000 to 0xa114e000 (4096 bytes)
     MAPPED FROM: /lib/aarch64-linux-gnu/libpthread-2.31.so
     7fa114d000-7fa114e000 rw-p 0001c000 b3:02 406160                        

[041] mem-041.bin:
     Memory range 0xa114e000 to 0xa1152000 (16384 bytes)
     7fa114e000-7fa1152000 rw-p 00000000 00:00 0 

[042] map-042.bin:
     Memory range 0xa1152000 to 0xa1173000 (135168 bytes)
     MAPPED FROM: /lib/aarch64-linux-gnu/ld-2.31.so
     7fa1152000-7fa1173000 r-xp 00000000 b3:02 406105                        

[043] mem-043.bin:
     Memory range 0xa1176000 to 0xa117c000 (24576 bytes)
     7fa1176000-7fa117c000 rw-p 00000000 00:00 0 

[044] map-044.bin:
     Memory range 0xa117f000 to 0xa1180000 (4096 bytes)
     MAPPED FROM: /dev/gpiomem
     7fa117f000-7fa1180000 rw-s 00000000 00:27 11                            

[045] mem-045.bin:
     Memory range 0xa1180000 to 0xa1182000 (8192 bytes)
     7fa1180000-7fa1182000 r--p 00000000 00:00 0                              [vvar]

[046] mem-046.bin:
     Memory range 0xa1182000 to 0xa1183000 (4096 bytes)
     7fa1182000-7fa1183000 r-xp 00000000 00:00 0                              [vdso]

[047] map-047.bin:
     Memory range 0xa1183000 to 0xa1184000 (4096 bytes)
     MAPPED FROM: /lib/aarch64-linux-gnu/ld-2.31.so
     7fa1183000-7fa1184000 r--p 00021000 b3:02 406105                        

[048] map-048.bin:
     Memory range 0xa1184000 to 0xa1186000 (8192 bytes)
     MAPPED FROM: /lib/aarch64-linux-gnu/ld-2.31.so
     7fa1184000-7fa1186000 rw-p 00022000 b3:02 406105                        

[049] mem-049.bin:
     Memory range 0xdf4c4000 to 0xdf4e5000 (135168 bytes)
     7fdf4c4000-7fdf4e5000 rw-p 00000000 00:00 0                              [stack]

# End of file.
