# This memory data dump generated by memfetch by <lcamtuf@coredump.cx>
# PID 20428, declared executable: /usr/bin/python3.9
# Date: Tue Jun  6 02:28:49 2023


[000] map-000.bin:
     Memory range 0x00400000 to 0x008c5000 (5001216 bytes)
     MAPPED FROM: /usr/bin/python3.9
     00400000-008c5000 r-xp 00000000 b3:02 530585                            

[001] map-001.bin:
     Memory range 0x008d4000 to 0x008d5000 (4096 bytes)
     MAPPED FROM: /usr/bin/python3.9
     008d4000-008d5000 r--p 004c4000 b3:02 530585                            

[002] map-002.bin:
     Memory range 0x008d5000 to 0x00919000 (278528 bytes)
     MAPPED FROM: /usr/bin/python3.9
     008d5000-00919000 rw-p 004c5000 b3:02 530585                            

[003] mem-003.bin:
     Memory range 0x00919000 to 0x0093d000 (147456 bytes)
     00919000-0093d000 rw-p 00000000 00:00 0 

[004] mem-004.bin:
     Memory range 0x2f2a9000 to 0x2f335000 (573440 bytes)
     2f2a9000-2f335000 rw-p 00000000 00:00 0                                  [heap]

[005] map-005.bin:
     Memory range 0x98fb2000 to 0x98fbd000 (45056 bytes)
     MAPPED FROM: /usr/local/lib/python3.9/dist-packages/RPi/_GPIO.cpython-39-aarch64-linux-gnu.so
     7f98fb2000-7f98fbd000 r-xp 00000000 b3:02 807364                        

[006] map-006.bin:
     Memory range 0x98fbd000 to 0x98fcd000 (65536 bytes)
     MAPPED FROM: /usr/local/lib/python3.9/dist-packages/RPi/_GPIO.cpython-39-aarch64-linux-gnu.so
     7f98fbd000-7f98fcd000 ---p 0000b000 b3:02 807364                        

[007] map-007.bin:
     Memory range 0x98fcd000 to 0x98fce000 (4096 bytes)
     MAPPED FROM: /usr/local/lib/python3.9/dist-packages/RPi/_GPIO.cpython-39-aarch64-linux-gnu.so
     7f98fcd000-7f98fce000 r--p 0000b000 b3:02 807364                        

[008] map-008.bin:
     Memory range 0x98fce000 to 0x98fcf000 (4096 bytes)
     MAPPED FROM: /usr/local/lib/python3.9/dist-packages/RPi/_GPIO.cpython-39-aarch64-linux-gnu.so
     7f98fce000-7f98fcf000 rw-p 0000c000 b3:02 807364                        

[009] mem-009.bin:
     Memory range 0x98fcf000 to 0x99174000 (1724416 bytes)
     7f98fcf000-7f99174000 rw-p 00000000 00:00 0 

** An error occured while generating this file.
** Error message: Whoops. Exiting on signal 2.
