# This memory data dump generated by memfetch by <lcamtuf@coredump.cx>
# PID 1393, declared executable: /usr/bin/bash
# Date: Sun Mar 19 22:22:24 2023


[000] map-000.bin:
     Memory range 0x59270000 to 0x5939c000 (1228800 bytes)
     MAPPED FROM: /usr/bin/bash
     5559270000-555939c000 r-xp 00000000 b3:02 2154                          

[001] map-001.bin:
     Memory range 0x593ac000 to 0x593b0000 (16384 bytes)
     MAPPED FROM: /usr/bin/bash
     55593ac000-55593b0000 r--p 0012c000 b3:02 2154                          

[002] map-002.bin:
     Memory range 0x593b0000 to 0x593b9000 (36864 bytes)
     MAPPED FROM: /usr/bin/bash
     55593b0000-55593b9000 rw-p 00130000 b3:02 2154                          

[003] mem-003.bin:
     Memory range 0x593b9000 to 0x593c4000 (45056 bytes)
     55593b9000-55593c4000 rw-p 00000000 00:00 0 

[004] mem-004.bin:
     Memory range 0x63726000 to 0x63887000 (1445888 bytes)
     5563726000-5563887000 rw-p 00000000 00:00 0                              [heap]

[005] map-005.bin:
     Memory range 0x88a1c000 to 0x88a27000 (45056 bytes)
     MAPPED FROM: /usr/lib/aarch64-linux-gnu/libnss_files-2.31.so
     7f88a1c000-7f88a27000 r-xp 00000000 b3:02 7519                          

[006] map-006.bin:
     Memory range 0x88a27000 to 0x88a37000 (65536 bytes)
     MAPPED FROM: /usr/lib/aarch64-linux-gnu/libnss_files-2.31.so
     7f88a27000-7f88a37000 ---p 0000b000 b3:02 7519                          

[007] map-007.bin:
     Memory range 0x88a37000 to 0x88a38000 (4096 bytes)
     MAPPED FROM: /usr/lib/aarch64-linux-gnu/libnss_files-2.31.so
     7f88a37000-7f88a38000 r--p 0000b000 b3:02 7519                          

[008] map-008.bin:
     Memory range 0x88a38000 to 0x88a39000 (4096 bytes)
     MAPPED FROM: /usr/lib/aarch64-linux-gnu/libnss_files-2.31.so
     7f88a38000-7f88a39000 rw-p 0000c000 b3:02 7519                          

[009] mem-009.bin:
     Memory range 0x88a39000 to 0x88a3f000 (24576 bytes)
     7f88a39000-7f88a3f000 rw-p 00000000 00:00 0 

[010] map-010.bin:
     Memory range 0x88a3f000 to 0x88d26000 (3043328 bytes)
     MAPPED FROM: /usr/lib/locale/locale-archive
     7f88a3f000-7f88d26000 r--p 00000000 b3:02 32622                         

[011] map-011.bin:
     Memory range 0x88d26000 to 0x88e83000 (1429504 bytes)
     MAPPED FROM: /usr/lib/aarch64-linux-gnu/libc-2.31.so
     7f88d26000-7f88e83000 r-xp 00000000 b3:02 7127                          

[012] map-012.bin:
     Memory range 0x88e83000 to 0x88e92000 (61440 bytes)
     MAPPED FROM: /usr/lib/aarch64-linux-gnu/libc-2.31.so
     7f88e83000-7f88e92000 ---p 0015d000 b3:02 7127                          

[013] map-013.bin:
     Memory range 0x88e92000 to 0x88e96000 (16384 bytes)
     MAPPED FROM: /usr/lib/aarch64-linux-gnu/libc-2.31.so
     7f88e92000-7f88e96000 r--p 0015c000 b3:02 7127                          

[014] map-014.bin:
     Memory range 0x88e96000 to 0x88e98000 (8192 bytes)
     MAPPED FROM: /usr/lib/aarch64-linux-gnu/libc-2.31.so
     7f88e96000-7f88e98000 rw-p 00160000 b3:02 7127                          

[015] mem-015.bin:
     Memory range 0x88e98000 to 0x88e9b000 (12288 bytes)
     7f88e98000-7f88e9b000 rw-p 00000000 00:00 0 

[016] map-016.bin:
     Memory range 0x88e9b000 to 0x88e9e000 (12288 bytes)
     MAPPED FROM: /usr/lib/aarch64-linux-gnu/libdl-2.31.so
     7f88e9b000-7f88e9e000 r-xp 00000000 b3:02 7190                          

[017] map-017.bin:
     Memory range 0x88e9e000 to 0x88ead000 (61440 bytes)
     MAPPED FROM: /usr/lib/aarch64-linux-gnu/libdl-2.31.so
     7f88e9e000-7f88ead000 ---p 00003000 b3:02 7190                          

[018] map-018.bin:
     Memory range 0x88ead000 to 0x88eae000 (4096 bytes)
     MAPPED FROM: /usr/lib/aarch64-linux-gnu/libdl-2.31.so
     7f88ead000-7f88eae000 r--p 00002000 b3:02 7190                          

[019] map-019.bin:
     Memory range 0x88eae000 to 0x88eaf000 (4096 bytes)
     MAPPED FROM: /usr/lib/aarch64-linux-gnu/libdl-2.31.so
     7f88eae000-7f88eaf000 rw-p 00003000 b3:02 7190                          

[020] map-020.bin:
     Memory range 0x88eaf000 to 0x88ed9000 (172032 bytes)
     MAPPED FROM: /usr/lib/aarch64-linux-gnu/libtinfo.so.6.2
     7f88eaf000-7f88ed9000 r-xp 00000000 b3:02 7706                          

[021] map-021.bin:
     Memory range 0x88ed9000 to 0x88ee8000 (61440 bytes)
     MAPPED FROM: /usr/lib/aarch64-linux-gnu/libtinfo.so.6.2
     7f88ed9000-7f88ee8000 ---p 0002a000 b3:02 7706                          

[022] map-022.bin:
     Memory range 0x88ee8000 to 0x88eec000 (16384 bytes)
     MAPPED FROM: /usr/lib/aarch64-linux-gnu/libtinfo.so.6.2
     7f88ee8000-7f88eec000 r--p 00029000 b3:02 7706                          

[023] map-023.bin:
     Memory range 0x88eec000 to 0x88eed000 (4096 bytes)
     MAPPED FROM: /usr/lib/aarch64-linux-gnu/libtinfo.so.6.2
     7f88eec000-7f88eed000 rw-p 0002d000 b3:02 7706                          

[024] map-024.bin:
     Memory range 0x88eff000 to 0x88f21000 (139264 bytes)
     MAPPED FROM: /usr/lib/aarch64-linux-gnu/ld-2.31.so
     7f88eff000-7f88f21000 r-xp 00000000 b3:02 6950                          

[025] map-025.bin:
     Memory range 0x88f22000 to 0x88f29000 (28672 bytes)
     MAPPED FROM: /usr/lib/aarch64-linux-gnu/gconv/gconv-modules.cache
     7f88f22000-7f88f29000 r--s 00000000 b3:02 8297                          

[026] mem-026.bin:
     Memory range 0x88f29000 to 0x88f2d000 (16384 bytes)
     7f88f29000-7f88f2d000 rw-p 00000000 00:00 0 

[027] mem-027.bin:
     Memory range 0x88f2d000 to 0x88f2f000 (8192 bytes)
     7f88f2d000-7f88f2f000 r--p 00000000 00:00 0                              [vvar]

[028] mem-028.bin:
     Memory range 0x88f2f000 to 0x88f30000 (4096 bytes)
     7f88f2f000-7f88f30000 r-xp 00000000 00:00 0                              [vdso]

[029] map-029.bin:
     Memory range 0x88f30000 to 0x88f31000 (4096 bytes)
     MAPPED FROM: /usr/lib/aarch64-linux-gnu/ld-2.31.so
     7f88f30000-7f88f31000 r--p 00021000 b3:02 6950                          

[030] map-030.bin:
     Memory range 0x88f31000 to 0x88f33000 (8192 bytes)
     MAPPED FROM: /usr/lib/aarch64-linux-gnu/ld-2.31.so
     7f88f31000-7f88f33000 rw-p 00022000 b3:02 6950                          

[031] mem-031.bin:
     Memory range 0xf6fc0000 to 0xf6fe1000 (135168 bytes)
     7ff6fc0000-7ff6fe1000 rw-p 00000000 00:00 0                              [stack]

# End of file.
