# This memory data dump generated by memfetch by <lcamtuf@coredump.cx>
# PID 24586, declared executable: /usr/bin/python3.9
# Date: Sun Mar 26 18:05:04 2023


[000] map-000.bin:
     Memory range 0x00400000 to 0x008c5000 (5001216 bytes)
     MAPPED FROM: /usr/bin/python3.9
     00400000-008c5000 r-xp 00000000 b3:02 425145                            

[001] map-001.bin:
     Memory range 0x008d4000 to 0x008d5000 (4096 bytes)
     MAPPED FROM: /usr/bin/python3.9
     008d4000-008d5000 r--p 004c4000 b3:02 425145                            

[002] map-002.bin:
     Memory range 0x008d5000 to 0x00919000 (278528 bytes)
     MAPPED FROM: /usr/bin/python3.9
     008d5000-00919000 rw-p 004c5000 b3:02 425145                            

[003] mem-003.bin:
     Memory range 0x00919000 to 0x0093d000 (147456 bytes)
     00919000-0093d000 rw-p 00000000 00:00 0 

[004] mem-004.bin:
     Memory range 0x1b12d000 to 0x1b1b9000 (573440 bytes)
     1b12d000-1b1b9000 rw-p 00000000 00:00 0                                  [heap]

[005] map-005.bin:
     Memory range 0xa9f5f000 to 0xa9f6a000 (45056 bytes)
     MAPPED FROM: /usr/local/lib/python3.9/dist-packages/RPi/_GPIO.cpython-39-aarch64-linux-gnu.so
     7fa9f5f000-7fa9f6a000 r-xp 00000000 b3:02 520564                        

[006] map-006.bin:
     Memory range 0xa9f6a000 to 0xa9f7a000 (65536 bytes)
     MAPPED FROM: /usr/local/lib/python3.9/dist-packages/RPi/_GPIO.cpython-39-aarch64-linux-gnu.so
     7fa9f6a000-7fa9f7a000 ---p 0000b000 b3:02 520564                        

[007] map-007.bin:
     Memory range 0xa9f7a000 to 0xa9f7b000 (4096 bytes)
     MAPPED FROM: /usr/local/lib/python3.9/dist-packages/RPi/_GPIO.cpython-39-aarch64-linux-gnu.so
     7fa9f7a000-7fa9f7b000 r--p 0000b000 b3:02 520564                        

[008] map-008.bin:
     Memory range 0xa9f7b000 to 0xa9f7c000 (4096 bytes)
     MAPPED FROM: /usr/local/lib/python3.9/dist-packages/RPi/_GPIO.cpython-39-aarch64-linux-gnu.so
     7fa9f7b000-7fa9f7c000 rw-p 0000c000 b3:02 520564                        

[009] mem-009.bin:
     Memory range 0xa9f7c000 to 0xaa121000 (1724416 bytes)
     7fa9f7c000-7faa121000 rw-p 00000000 00:00 0 

[010] map-010.bin:
     Memory range 0xaa121000 to 0xaa128000 (28672 bytes)
     MAPPED FROM: /usr/lib/aarch64-linux-gnu/gconv/gconv-modules.cache
     7faa121000-7faa128000 r--s 00000000 b3:02 406845                        

[011] map-011.bin:
     Memory range 0xaa128000 to 0xaa17d000 (348160 bytes)
     MAPPED FROM: /usr/lib/locale/C.UTF-8/LC_CTYPE
     7faa128000-7faa17d000 r--p 00000000 b3:02 407679                        

[012] map-012.bin:
     Memory range 0xaa17d000 to 0xaa2da000 (1429504 bytes)
     MAPPED FROM: /lib/aarch64-linux-gnu/libc-2.31.so
     7faa17d000-7faa2da000 r-xp 00000000 b3:02 406117                        

[013] map-013.bin:
     Memory range 0xaa2da000 to 0xaa2e9000 (61440 bytes)
     MAPPED FROM: /lib/aarch64-linux-gnu/libc-2.31.so
     7faa2da000-7faa2e9000 ---p 0015d000 b3:02 406117                        

[014] map-014.bin:
     Memory range 0xaa2e9000 to 0xaa2ed000 (16384 bytes)
     MAPPED FROM: /lib/aarch64-linux-gnu/libc-2.31.so
     7faa2e9000-7faa2ed000 r--p 0015c000 b3:02 406117                        

[015] map-015.bin:
     Memory range 0xaa2ed000 to 0xaa2ef000 (8192 bytes)
     MAPPED FROM: /lib/aarch64-linux-gnu/libc-2.31.so
     7faa2ed000-7faa2ef000 rw-p 00160000 b3:02 406117                        

[016] mem-016.bin:
     Memory range 0xaa2ef000 to 0xaa2f2000 (12288 bytes)
     7faa2ef000-7faa2f2000 rw-p 00000000 00:00 0 

[017] map-017.bin:
     Memory range 0xaa2f2000 to 0xaa30b000 (102400 bytes)
     MAPPED FROM: /lib/aarch64-linux-gnu/libz.so.1.2.11
     7faa2f2000-7faa30b000 r-xp 00000000 b3:02 406179                        

[018] map-018.bin:
     Memory range 0xaa30b000 to 0xaa31a000 (61440 bytes)
     MAPPED FROM: /lib/aarch64-linux-gnu/libz.so.1.2.11
     7faa30b000-7faa31a000 ---p 00019000 b3:02 406179                        

[019] map-019.bin:
     Memory range 0xaa31a000 to 0xaa31b000 (4096 bytes)
     MAPPED FROM: /lib/aarch64-linux-gnu/libz.so.1.2.11
     7faa31a000-7faa31b000 r--p 00018000 b3:02 406179                        

[020] map-020.bin:
     Memory range 0xaa31b000 to 0xaa31c000 (4096 bytes)
     MAPPED FROM: /lib/aarch64-linux-gnu/libz.so.1.2.11
     7faa31b000-7faa31c000 rw-p 00019000 b3:02 406179                        

[021] map-021.bin:
     Memory range 0xaa31c000 to 0xaa341000 (151552 bytes)
     MAPPED FROM: /lib/aarch64-linux-gnu/libexpat.so.1.6.12
     7faa31c000-7faa341000 r-xp 00000000 b3:02 425123                        

[022] map-022.bin:
     Memory range 0xaa341000 to 0xaa351000 (65536 bytes)
     MAPPED FROM: /lib/aarch64-linux-gnu/libexpat.so.1.6.12
     7faa341000-7faa351000 ---p 00025000 b3:02 425123                        

[023] map-023.bin:
     Memory range 0xaa351000 to 0xaa353000 (8192 bytes)
     MAPPED FROM: /lib/aarch64-linux-gnu/libexpat.so.1.6.12
     7faa351000-7faa353000 r--p 00025000 b3:02 425123                        

[024] map-024.bin:
     Memory range 0xaa353000 to 0xaa354000 (4096 bytes)
     MAPPED FROM: /lib/aarch64-linux-gnu/libexpat.so.1.6.12
     7faa353000-7faa354000 rw-p 00027000 b3:02 425123                        

[025] map-025.bin:
     Memory range 0xaa354000 to 0xaa3ed000 (626688 bytes)
     MAPPED FROM: /lib/aarch64-linux-gnu/libm-2.31.so
     7faa354000-7faa3ed000 r-xp 00000000 b3:02 406138                        

[026] map-026.bin:
     Memory range 0xaa3ed000 to 0xaa3fd000 (65536 bytes)
     MAPPED FROM: /lib/aarch64-linux-gnu/libm-2.31.so
     7faa3ed000-7faa3fd000 ---p 00099000 b3:02 406138                        

[027] map-027.bin:
     Memory range 0xaa3fd000 to 0xaa3fe000 (4096 bytes)
     MAPPED FROM: /lib/aarch64-linux-gnu/libm-2.31.so
     7faa3fd000-7faa3fe000 r--p 00099000 b3:02 406138                        

[028] map-028.bin:
     Memory range 0xaa3fe000 to 0xaa3ff000 (4096 bytes)
     MAPPED FROM: /lib/aarch64-linux-gnu/libm-2.31.so
     7faa3fe000-7faa3ff000 rw-p 0009a000 b3:02 406138                        

[029] map-029.bin:
     Memory range 0xaa3ff000 to 0xaa401000 (8192 bytes)
     MAPPED FROM: /lib/aarch64-linux-gnu/libutil-2.31.so
     7faa3ff000-7faa401000 r-xp 00000000 b3:02 406176                        

[030] map-030.bin:
     Memory range 0xaa401000 to 0xaa411000 (65536 bytes)
     MAPPED FROM: /lib/aarch64-linux-gnu/libutil-2.31.so
     7faa401000-7faa411000 ---p 00002000 b3:02 406176                        

[031] map-031.bin:
     Memory range 0xaa411000 to 0xaa412000 (4096 bytes)
     MAPPED FROM: /lib/aarch64-linux-gnu/libutil-2.31.so
     7faa411000-7faa412000 r--p 00002000 b3:02 406176                        

[032] map-032.bin:
     Memory range 0xaa412000 to 0xaa413000 (4096 bytes)
     MAPPED FROM: /lib/aarch64-linux-gnu/libutil-2.31.so
     7faa412000-7faa413000 rw-p 00003000 b3:02 406176                        

[033] map-033.bin:
     Memory range 0xaa413000 to 0xaa416000 (12288 bytes)
     MAPPED FROM: /lib/aarch64-linux-gnu/libdl-2.31.so
     7faa413000-7faa416000 r-xp 00000000 b3:02 406125                        

[034] map-034.bin:
     Memory range 0xaa416000 to 0xaa425000 (61440 bytes)
     MAPPED FROM: /lib/aarch64-linux-gnu/libdl-2.31.so
     7faa416000-7faa425000 ---p 00003000 b3:02 406125                        

[035] map-035.bin:
     Memory range 0xaa425000 to 0xaa426000 (4096 bytes)
     MAPPED FROM: /lib/aarch64-linux-gnu/libdl-2.31.so
     7faa425000-7faa426000 r--p 00002000 b3:02 406125                        

[036] map-036.bin:
     Memory range 0xaa426000 to 0xaa427000 (4096 bytes)
     MAPPED FROM: /lib/aarch64-linux-gnu/libdl-2.31.so
     7faa426000-7faa427000 rw-p 00003000 b3:02 406125                        

[037] map-037.bin:
     Memory range 0xaa427000 to 0xaa443000 (114688 bytes)
     MAPPED FROM: /lib/aarch64-linux-gnu/libpthread-2.31.so
     7faa427000-7faa443000 r-xp 00000000 b3:02 406160                        

[038] map-038.bin:
     Memory range 0xaa443000 to 0xaa452000 (61440 bytes)
     MAPPED FROM: /lib/aarch64-linux-gnu/libpthread-2.31.so
     7faa443000-7faa452000 ---p 0001c000 b3:02 406160                        

[039] map-039.bin:
     Memory range 0xaa452000 to 0xaa453000 (4096 bytes)
     MAPPED FROM: /lib/aarch64-linux-gnu/libpthread-2.31.so
     7faa452000-7faa453000 r--p 0001b000 b3:02 406160                        

[040] map-040.bin:
     Memory range 0xaa453000 to 0xaa454000 (4096 bytes)
     MAPPED FROM: /lib/aarch64-linux-gnu/libpthread-2.31.so
     7faa453000-7faa454000 rw-p 0001c000 b3:02 406160                        

[041] mem-041.bin:
     Memory range 0xaa454000 to 0xaa458000 (16384 bytes)
     7faa454000-7faa458000 rw-p 00000000 00:00 0 

[042] map-042.bin:
     Memory range 0xaa458000 to 0xaa479000 (135168 bytes)
     MAPPED FROM: /lib/aarch64-linux-gnu/ld-2.31.so
     7faa458000-7faa479000 r-xp 00000000 b3:02 406105                        

[043] mem-043.bin:
     Memory range 0xaa47c000 to 0xaa482000 (24576 bytes)
     7faa47c000-7faa482000 rw-p 00000000 00:00 0 

[044] map-044.bin:
     Memory range 0xaa485000 to 0xaa486000 (4096 bytes)
     MAPPED FROM: /dev/gpiomem
     7faa485000-7faa486000 rw-s 00000000 00:27 11                            

[045] mem-045.bin:
     Memory range 0xaa486000 to 0xaa488000 (8192 bytes)
     7faa486000-7faa488000 r--p 00000000 00:00 0                              [vvar]

[046] mem-046.bin:
     Memory range 0xaa488000 to 0xaa489000 (4096 bytes)
     7faa488000-7faa489000 r-xp 00000000 00:00 0                              [vdso]

[047] map-047.bin:
     Memory range 0xaa489000 to 0xaa48a000 (4096 bytes)
     MAPPED FROM: /lib/aarch64-linux-gnu/ld-2.31.so
     7faa489000-7faa48a000 r--p 00021000 b3:02 406105                        

[048] map-048.bin:
     Memory range 0xaa48a000 to 0xaa48c000 (8192 bytes)
     MAPPED FROM: /lib/aarch64-linux-gnu/ld-2.31.so
     7faa48a000-7faa48c000 rw-p 00022000 b3:02 406105                        

[049] mem-049.bin:
     Memory range 0xf2aa3000 to 0xf2ac4000 (135168 bytes)
     7ff2aa3000-7ff2ac4000 rw-p 00000000 00:00 0                              [stack]

# End of file.
